#! /usr/share/iverilog-0.9.7/bin/vvp
:ivl_version "0.9.7 " "(v0_9_6)";
:vpi_time_precision + 0;
:vpi_module "system";
:vpi_module "v2005_math";
:vpi_module "va_math";
S_0x1281a20 .scope module, "tb" "tb" 2 1;
 .timescale 0 0;
v0x1293e90_0 .var "clk", 0 0;
v0x1293f60_0 .var "in", 0 0;
v0x1294010_0 .net "out", 1 0, v0x1293d40_0; 1 drivers
S_0x1281b10 .scope module, "s0" "serialparitydetector" 2 6, 3 1, S_0x1281a20;
 .timescale 0 0;
P_0x125e1e8 .param/l "S0" 3 4, +C4<0>;
P_0x125e210 .param/l "S1" 3 4, +C4<01>;
v0x1281c00_0 .net "clk", 0 0, v0x1293e90_0; 1 drivers
v0x1293ca0_0 .net "in", 0 0, v0x1293f60_0; 1 drivers
v0x1293d40_0 .var "out", 1 0;
v0x1293de0_0 .var "state", 0 0;
E_0x125de40 .event posedge, v0x1281c00_0;
    .scope S_0x1281b10;
T_0 ;
    %wait E_0x125de40;
    %load/v 8, v0x1293de0_0, 1;
    %cmpi/u 8, 0, 1;
    %jmp/1 T_0.0, 6;
    %cmpi/u 8, 1, 1;
    %jmp/1 T_0.1, 6;
    %ix/load 0, 1, 0;
    %assign/v0 v0x1293de0_0, 0, 0;
    %ix/load 0, 2, 0;
    %assign/v0 v0x1293d40_0, 0, 0;
    %jmp T_0.3;
T_0.0 ;
    %load/v 8, v0x1293ca0_0, 1;
    %inv 8, 1;
    %jmp/0xz  T_0.4, 8;
    %ix/load 0, 1, 0;
    %assign/v0 v0x1293de0_0, 0, 0;
    %ix/load 0, 2, 0;
    %assign/v0 v0x1293d40_0, 0, 0;
    %jmp T_0.5;
T_0.4 ;
    %movi 8, 1, 2;
    %ix/load 0, 1, 0;
    %assign/v0 v0x1293de0_0, 0, 8;
    %movi 8, 1, 2;
    %ix/load 0, 2, 0;
    %assign/v0 v0x1293d40_0, 0, 8;
T_0.5 ;
    %jmp T_0.3;
T_0.1 ;
    %load/v 8, v0x1293ca0_0, 1;
    %inv 8, 1;
    %jmp/0xz  T_0.6, 8;
    %movi 8, 1, 2;
    %ix/load 0, 1, 0;
    %assign/v0 v0x1293de0_0, 0, 8;
    %movi 8, 1, 2;
    %ix/load 0, 2, 0;
    %assign/v0 v0x1293d40_0, 0, 8;
    %jmp T_0.7;
T_0.6 ;
    %ix/load 0, 1, 0;
    %assign/v0 v0x1293de0_0, 0, 0;
    %ix/load 0, 2, 0;
    %assign/v0 v0x1293d40_0, 0, 0;
T_0.7 ;
    %jmp T_0.3;
T_0.3 ;
    %jmp T_0;
    .thread T_0;
    .scope S_0x1281a20;
T_1 ;
    %delay 1, 0;
    %load/v 8, v0x1293e90_0, 1;
    %inv 8, 1;
    %set/v v0x1293e90_0, 8, 1;
    %jmp T_1;
    .thread T_1;
    .scope S_0x1281a20;
T_2 ;
    %set/v v0x1293e90_0, 1, 1;
    %delay 2, 0;
    %set/v v0x1293f60_0, 0, 1;
    %delay 2, 0;
    %set/v v0x1293f60_0, 1, 1;
    %delay 2, 0;
    %set/v v0x1293f60_0, 0, 1;
    %delay 2, 0;
    %set/v v0x1293f60_0, 1, 1;
    %delay 2, 0;
    %set/v v0x1293f60_0, 0, 1;
    %delay 2, 0;
    %delay 100, 0;
    %vpi_call 2 22 "$finish";
    %end;
    .thread T_2;
    .scope S_0x1281a20;
T_3 ;
    %vpi_call 2 26 "$dumpfile", "serialparitydetector.vcd";
    %vpi_call 2 27 "$dumpvars", 1'sb0, S_0x1281a20;
    %vpi_call 2 28 "$monitor", $time, " out=%b in=%b", v0x1294010_0, v0x1293f60_0;
    %end;
    .thread T_3;
# The file index is used to find the file name in the following table.
:file_names 4;
    "N/A";
    "<interactive>";
    "testbench.sv";
    "design.sv";
